{
  "/home/nandoe/clAIDeApi/src/enum/httpStatusCode.js": {
    "path": "/home/nandoe/clAIDeApi/src/enum/httpStatusCode.js",
    "statementMap": {
      "0": { "start": { "line": 1, "column": 23 }, "end": { "line": 11, "column": 2 } }
    },
    "fnMap": {},
    "branchMap": {},
    "s": { "0": 2 },
    "f": {},
    "b": {},
    "_coverageSchema": "1a1c01bbd47fc00a2c39e90264f33305004495a9",
    "hash": "e62f4b70bc21dfd4a34d56d92238aae8e75944d0"
  },
  "/home/nandoe/clAIDeApi/src/errors/BaseError.js": {
    "path": "/home/nandoe/clAIDeApi/src/errors/BaseError.js",
    "statementMap": {
      "0": { "start": { "line": 3, "column": 4 }, "end": { "line": 3, "column": 19 } },
      "1": { "start": { "line": 4, "column": 4 }, "end": { "line": 4, "column": 27 } },
      "2": { "start": { "line": 5, "column": 4 }, "end": { "line": 5, "column": 33 } }
    },
    "fnMap": {
      "0": {
        "name": "(anonymous_0)",
        "decl": { "start": { "line": 2, "column": 2 }, "end": { "line": 2, "column": 3 } },
        "loc": { "start": { "line": 2, "column": 35 }, "end": { "line": 6, "column": 3 } },
        "line": 2
      }
    },
    "branchMap": {},
    "s": { "0": 9, "1": 9, "2": 9 },
    "f": { "0": 9 },
    "b": {},
    "_coverageSchema": "1a1c01bbd47fc00a2c39e90264f33305004495a9",
    "hash": "a9bacaf760b28f9cb361141f99afdaa9de716df4"
  },
  "/home/nandoe/clAIDeApi/src/errors/MemberTooYoungError.js": {
    "path": "/home/nandoe/clAIDeApi/src/errors/MemberTooYoungError.js",
    "statementMap": {
      "0": { "start": { "line": 4, "column": 29 }, "end": { "line": 4, "column": 31 } },
      "1": { "start": { "line": 11, "column": 4 }, "end": { "line": 11, "column": 47 } },
      "2": { "start": { "line": 12, "column": 4 }, "end": { "line": 12, "column": 27 } },
      "3": { "start": { "line": 13, "column": 4 }, "end": { "line": 13, "column": 33 } }
    },
    "fnMap": {
      "0": {
        "name": "(anonymous_0)",
        "decl": { "start": { "line": 7, "column": 2 }, "end": { "line": 7, "column": 3 } },
        "loc": { "start": { "line": 10, "column": 4 }, "end": { "line": 14, "column": 3 } },
        "line": 10
      }
    },
    "branchMap": {
      "0": {
        "loc": { "start": { "line": 8, "column": 4 }, "end": { "line": 8, "column": 87 } },
        "type": "default-arg",
        "locations": [{ "start": { "line": 8, "column": 14 }, "end": { "line": 8, "column": 87 } }],
        "line": 8
      },
      "1": {
        "loc": { "start": { "line": 9, "column": 4 }, "end": { "line": 9, "column": 43 } },
        "type": "default-arg",
        "locations": [{ "start": { "line": 9, "column": 17 }, "end": { "line": 9, "column": 43 } }],
        "line": 9
      }
    },
    "s": { "0": 1, "1": 4, "2": 4, "3": 4 },
    "f": { "0": 4 },
    "b": { "0": [4], "1": [4] },
    "_coverageSchema": "1a1c01bbd47fc00a2c39e90264f33305004495a9",
    "hash": "1a94834854afd0bef9f414909737c190d6c64c4f"
  },
  "/home/nandoe/clAIDeApi/src/errors/ProjectInvalidAtributeError.js": {
    "path": "/home/nandoe/clAIDeApi/src/errors/ProjectInvalidAtributeError.js",
    "statementMap": {
      "0": { "start": { "line": 10, "column": 4 }, "end": { "line": 10, "column": 31 } },
      "1": { "start": { "line": 11, "column": 4 }, "end": { "line": 11, "column": 27 } },
      "2": { "start": { "line": 12, "column": 4 }, "end": { "line": 12, "column": 33 } },
      "3": { "start": { "line": 13, "column": 4 }, "end": { "line": 13, "column": 46 } }
    },
    "fnMap": {
      "0": {
        "name": "(anonymous_0)",
        "decl": { "start": { "line": 4, "column": 2 }, "end": { "line": 4, "column": 3 } },
        "loc": { "start": { "line": 9, "column": 4 }, "end": { "line": 14, "column": 3 } },
        "line": 9
      }
    },
    "branchMap": {
      "0": {
        "loc": { "start": { "line": 7, "column": 4 }, "end": { "line": 7, "column": 56 } },
        "type": "default-arg",
        "locations": [{ "start": { "line": 7, "column": 14 }, "end": { "line": 7, "column": 56 } }],
        "line": 7
      },
      "1": {
        "loc": { "start": { "line": 8, "column": 4 }, "end": { "line": 8, "column": 52 } },
        "type": "default-arg",
        "locations": [{ "start": { "line": 8, "column": 17 }, "end": { "line": 8, "column": 52 } }],
        "line": 8
      }
    },
    "s": { "0": 0, "1": 0, "2": 0, "3": 0 },
    "f": { "0": 0 },
    "b": { "0": [0], "1": [0] },
    "_coverageSchema": "1a1c01bbd47fc00a2c39e90264f33305004495a9",
    "hash": "fc663d3fff0e749b01159fdd8d13fad7647b5833"
  },
  "/home/nandoe/clAIDeApi/src/errors/ProjectInvalidEndDateError.js": {
    "path": "/home/nandoe/clAIDeApi/src/errors/ProjectInvalidEndDateError.js",
    "statementMap": {
      "0": { "start": { "line": 12, "column": 4 }, "end": { "line": 12, "column": 31 } },
      "1": { "start": { "line": 13, "column": 4 }, "end": { "line": 13, "column": 27 } },
      "2": { "start": { "line": 14, "column": 4 }, "end": { "line": 14, "column": 33 } },
      "3": { "start": { "line": 15, "column": 4 }, "end": { "line": 15, "column": 45 } }
    },
    "fnMap": {
      "0": {
        "name": "(anonymous_0)",
        "decl": { "start": { "line": 5, "column": 2 }, "end": { "line": 5, "column": 3 } },
        "loc": { "start": { "line": 11, "column": 4 }, "end": { "line": 16, "column": 3 } },
        "line": 11
      }
    },
    "branchMap": {
      "0": {
        "loc": { "start": { "line": 7, "column": 4 }, "end": { "line": 9, "column": 48 } },
        "type": "default-arg",
        "locations": [{ "start": { "line": 7, "column": 14 }, "end": { "line": 9, "column": 48 } }],
        "line": 7
      },
      "1": {
        "loc": { "start": { "line": 10, "column": 4 }, "end": { "line": 10, "column": 52 } },
        "type": "default-arg",
        "locations": [
          { "start": { "line": 10, "column": 17 }, "end": { "line": 10, "column": 52 } }
        ],
        "line": 10
      }
    },
    "s": { "0": 2, "1": 2, "2": 2, "3": 2 },
    "f": { "0": 2 },
    "b": { "0": [2], "1": [2] },
    "_coverageSchema": "1a1c01bbd47fc00a2c39e90264f33305004495a9",
    "hash": "c836b2a2ed247aca254cd0c34f4bcddb8ece9bd9"
  },
  "/home/nandoe/clAIDeApi/src/errors/ProjectNotFoundError.js": {
    "path": "/home/nandoe/clAIDeApi/src/errors/ProjectNotFoundError.js",
    "statementMap": {
      "0": { "start": { "line": 11, "column": 4 }, "end": { "line": 11, "column": 31 } },
      "1": { "start": { "line": 12, "column": 4 }, "end": { "line": 12, "column": 27 } },
      "2": { "start": { "line": 13, "column": 4 }, "end": { "line": 13, "column": 33 } },
      "3": { "start": { "line": 14, "column": 4 }, "end": { "line": 14, "column": 39 } }
    },
    "fnMap": {
      "0": {
        "name": "(anonymous_0)",
        "decl": { "start": { "line": 5, "column": 2 }, "end": { "line": 5, "column": 3 } },
        "loc": { "start": { "line": 10, "column": 4 }, "end": { "line": 15, "column": 3 } },
        "line": 10
      }
    },
    "branchMap": {
      "0": {
        "loc": { "start": { "line": 8, "column": 4 }, "end": { "line": 8, "column": 60 } },
        "type": "default-arg",
        "locations": [{ "start": { "line": 8, "column": 14 }, "end": { "line": 8, "column": 60 } }],
        "line": 8
      },
      "1": {
        "loc": { "start": { "line": 9, "column": 4 }, "end": { "line": 9, "column": 41 } },
        "type": "default-arg",
        "locations": [{ "start": { "line": 9, "column": 17 }, "end": { "line": 9, "column": 41 } }],
        "line": 9
      }
    },
    "s": { "0": 3, "1": 3, "2": 3, "3": 3 },
    "f": { "0": 3 },
    "b": { "0": [3], "1": [3] },
    "_coverageSchema": "1a1c01bbd47fc00a2c39e90264f33305004495a9",
    "hash": "ad5dba52396aa8c60a6614ecf2cdbee66c090eb7"
  },
  "/home/nandoe/clAIDeApi/src/repositories/memberRepository.js": {
    "path": "/home/nandoe/clAIDeApi/src/repositories/memberRepository.js",
    "statementMap": {
      "0": { "start": { "line": 20, "column": 17 }, "end": { "line": 38, "column": 4 } },
      "1": { "start": { "line": 39, "column": 2 }, "end": { "line": 39, "column": 16 } },
      "2": { "start": { "line": 43, "column": 2 }, "end": { "line": 43, "column": 63 } },
      "3": { "start": { "line": 47, "column": 2 }, "end": { "line": 47, "column": 64 } },
      "4": { "start": { "line": 51, "column": 2 }, "end": { "line": 51, "column": 62 } },
      "5": { "start": { "line": 55, "column": 2 }, "end": { "line": 55, "column": 74 } },
      "6": { "start": { "line": 59, "column": 2 }, "end": { "line": 59, "column": 86 } },
      "7": { "start": { "line": 63, "column": 17 }, "end": { "line": 68, "column": 4 } },
      "8": { "start": { "line": 69, "column": 2 }, "end": { "line": 69, "column": 16 } },
      "9": { "start": { "line": 73, "column": 2 }, "end": { "line": 76, "column": 5 } },
      "10": { "start": { "line": 95, "column": 24 }, "end": { "line": 113, "column": 4 } },
      "11": { "start": { "line": 114, "column": 2 }, "end": { "line": 114, "column": 23 } },
      "12": { "start": { "line": 118, "column": 17 }, "end": { "line": 118, "column": 70 } },
      "13": { "start": { "line": 119, "column": 2 }, "end": { "line": 119, "column": 52 } },
      "14": { "start": { "line": 120, "column": 2 }, "end": { "line": 120, "column": 16 } }
    },
    "fnMap": {
      "0": {
        "name": "insertMember",
        "decl": { "start": { "line": 3, "column": 15 }, "end": { "line": 3, "column": 27 } },
        "loc": { "start": { "line": 19, "column": 3 }, "end": { "line": 40, "column": 1 } },
        "line": 19
      },
      "1": {
        "name": "getMemberById",
        "decl": { "start": { "line": 42, "column": 15 }, "end": { "line": 42, "column": 28 } },
        "loc": { "start": { "line": 42, "column": 33 }, "end": { "line": 44, "column": 1 } },
        "line": 42
      },
      "2": {
        "name": "getMemberByCpf",
        "decl": { "start": { "line": 46, "column": 15 }, "end": { "line": 46, "column": 29 } },
        "loc": { "start": { "line": 46, "column": 35 }, "end": { "line": 48, "column": 1 } },
        "line": 46
      },
      "3": {
        "name": "getMemberByRg",
        "decl": { "start": { "line": 50, "column": 15 }, "end": { "line": 50, "column": 28 } },
        "loc": { "start": { "line": 50, "column": 33 }, "end": { "line": 52, "column": 1 } },
        "line": 50
      },
      "4": {
        "name": "getMemberByPassport",
        "decl": { "start": { "line": 54, "column": 15 }, "end": { "line": 54, "column": 34 } },
        "loc": { "start": { "line": 54, "column": 45 }, "end": { "line": 56, "column": 1 } },
        "line": 54
      },
      "5": {
        "name": "getMemberBySecondaryEmail",
        "decl": { "start": { "line": 58, "column": 15 }, "end": { "line": 58, "column": 40 } },
        "loc": { "start": { "line": 58, "column": 57 }, "end": { "line": 60, "column": 1 } },
        "line": 58
      },
      "6": {
        "name": "activeMember",
        "decl": { "start": { "line": 62, "column": 15 }, "end": { "line": 62, "column": 27 } },
        "loc": { "start": { "line": 62, "column": 38 }, "end": { "line": 70, "column": 1 } },
        "line": 62
      },
      "7": {
        "name": "getAllMembers",
        "decl": { "start": { "line": 72, "column": 15 }, "end": { "line": 72, "column": 28 } },
        "loc": { "start": { "line": 72, "column": 48 }, "end": { "line": 77, "column": 1 } },
        "line": 72
      },
      "8": {
        "name": "updateMember",
        "decl": { "start": { "line": 78, "column": 15 }, "end": { "line": 78, "column": 27 } },
        "loc": { "start": { "line": 94, "column": 3 }, "end": { "line": 115, "column": 1 } },
        "line": 94
      },
      "9": {
        "name": "deleteMember",
        "decl": { "start": { "line": 117, "column": 15 }, "end": { "line": 117, "column": 27 } },
        "loc": { "start": { "line": 117, "column": 32 }, "end": { "line": 121, "column": 1 } },
        "line": 117
      }
    },
    "branchMap": {},
    "s": {
      "0": 0,
      "1": 0,
      "2": 0,
      "3": 0,
      "4": 0,
      "5": 0,
      "6": 0,
      "7": 0,
      "8": 0,
      "9": 0,
      "10": 0,
      "11": 0,
      "12": 0,
      "13": 0,
      "14": 0
    },
    "f": { "0": 0, "1": 0, "2": 0, "3": 0, "4": 0, "5": 0, "6": 0, "7": 0, "8": 0, "9": 0 },
    "b": {},
    "_coverageSchema": "1a1c01bbd47fc00a2c39e90264f33305004495a9",
    "hash": "9a9f5af3404e94dfee293cf0b2cb48e55255e6c9"
  },
  "/home/nandoe/clAIDeApi/src/repositories/projectRepository.js": {
    "path": "/home/nandoe/clAIDeApi/src/repositories/projectRepository.js",
    "statementMap": {
      "0": { "start": { "line": 13, "column": 18 }, "end": { "line": 24, "column": 4 } },
      "1": { "start": { "line": 25, "column": 2 }, "end": { "line": 25, "column": 17 } },
      "2": { "start": { "line": 29, "column": 24 }, "end": { "line": 33, "column": 4 } },
      "3": { "start": { "line": 34, "column": 2 }, "end": { "line": 34, "column": 23 } },
      "4": { "start": { "line": 38, "column": 24 }, "end": { "line": 42, "column": 4 } },
      "5": { "start": { "line": 44, "column": 2 }, "end": { "line": 44, "column": 23 } },
      "6": { "start": { "line": 48, "column": 24 }, "end": { "line": 52, "column": 4 } },
      "7": { "start": { "line": 54, "column": 2 }, "end": { "line": 54, "column": 23 } },
      "8": { "start": { "line": 68, "column": 18 }, "end": { "line": 82, "column": 4 } },
      "9": { "start": { "line": 83, "column": 2 }, "end": { "line": 83, "column": 17 } },
      "10": { "start": { "line": 87, "column": 19 }, "end": { "line": 94, "column": 4 } },
      "11": { "start": { "line": 95, "column": 2 }, "end": { "line": 95, "column": 18 } }
    },
    "fnMap": {
      "0": {
        "name": "insertProject",
        "decl": { "start": { "line": 3, "column": 22 }, "end": { "line": 3, "column": 35 } },
        "loc": { "start": { "line": 12, "column": 3 }, "end": { "line": 26, "column": 1 } },
        "line": 12
      },
      "1": {
        "name": "findByName",
        "decl": { "start": { "line": 28, "column": 22 }, "end": { "line": 28, "column": 32 } },
        "loc": { "start": { "line": 28, "column": 39 }, "end": { "line": 35, "column": 1 } },
        "line": 28
      },
      "2": {
        "name": "findByEmbrapiiCode",
        "decl": { "start": { "line": 37, "column": 22 }, "end": { "line": 37, "column": 40 } },
        "loc": { "start": { "line": 37, "column": 47 }, "end": { "line": 45, "column": 1 } },
        "line": 37
      },
      "3": {
        "name": "findById",
        "decl": { "start": { "line": 47, "column": 22 }, "end": { "line": 47, "column": 30 } },
        "loc": { "start": { "line": 47, "column": 35 }, "end": { "line": 55, "column": 1 } },
        "line": 47
      },
      "4": {
        "name": "updateProject",
        "decl": { "start": { "line": 57, "column": 22 }, "end": { "line": 57, "column": 35 } },
        "loc": { "start": { "line": 67, "column": 3 }, "end": { "line": 84, "column": 1 } },
        "line": 67
      },
      "5": {
        "name": "findAll",
        "decl": { "start": { "line": 86, "column": 22 }, "end": { "line": 86, "column": 29 } },
        "loc": { "start": { "line": 86, "column": 47 }, "end": { "line": 96, "column": 1 } },
        "line": 86
      }
    },
    "branchMap": {
      "0": {
        "loc": { "start": { "line": 73, "column": 12 }, "end": { "line": 73, "column": 29 } },
        "type": "binary-expr",
        "locations": [
          { "start": { "line": 73, "column": 12 }, "end": { "line": 73, "column": 16 } },
          { "start": { "line": 73, "column": 20 }, "end": { "line": 73, "column": 29 } }
        ],
        "line": 73
      },
      "1": {
        "loc": { "start": { "line": 74, "column": 20 }, "end": { "line": 74, "column": 45 } },
        "type": "binary-expr",
        "locations": [
          { "start": { "line": 74, "column": 20 }, "end": { "line": 74, "column": 32 } },
          { "start": { "line": 74, "column": 36 }, "end": { "line": 74, "column": 45 } }
        ],
        "line": 74
      },
      "2": {
        "loc": { "start": { "line": 75, "column": 15 }, "end": { "line": 75, "column": 35 } },
        "type": "binary-expr",
        "locations": [
          { "start": { "line": 75, "column": 15 }, "end": { "line": 75, "column": 22 } },
          { "start": { "line": 75, "column": 26 }, "end": { "line": 75, "column": 35 } }
        ],
        "line": 75
      },
      "3": {
        "loc": { "start": { "line": 76, "column": 16 }, "end": { "line": 76, "column": 37 } },
        "type": "binary-expr",
        "locations": [
          { "start": { "line": 76, "column": 16 }, "end": { "line": 76, "column": 24 } },
          { "start": { "line": 76, "column": 28 }, "end": { "line": 76, "column": 37 } }
        ],
        "line": 76
      },
      "4": {
        "loc": { "start": { "line": 77, "column": 12 }, "end": { "line": 77, "column": 29 } },
        "type": "binary-expr",
        "locations": [
          { "start": { "line": 77, "column": 12 }, "end": { "line": 77, "column": 16 } },
          { "start": { "line": 77, "column": 20 }, "end": { "line": 77, "column": 29 } }
        ],
        "line": 77
      },
      "5": {
        "loc": { "start": { "line": 78, "column": 21 }, "end": { "line": 78, "column": 47 } },
        "type": "binary-expr",
        "locations": [
          { "start": { "line": 78, "column": 21 }, "end": { "line": 78, "column": 34 } },
          { "start": { "line": 78, "column": 38 }, "end": { "line": 78, "column": 47 } }
        ],
        "line": 78
      },
      "6": {
        "loc": { "start": { "line": 79, "column": 17 }, "end": { "line": 79, "column": 39 } },
        "type": "binary-expr",
        "locations": [
          { "start": { "line": 79, "column": 17 }, "end": { "line": 79, "column": 26 } },
          { "start": { "line": 79, "column": 30 }, "end": { "line": 79, "column": 39 } }
        ],
        "line": 79
      }
    },
    "s": {
      "0": 0,
      "1": 0,
      "2": 0,
      "3": 0,
      "4": 0,
      "5": 0,
      "6": 0,
      "7": 0,
      "8": 1,
      "9": 0,
      "10": 0,
      "11": 0
    },
    "f": { "0": 0, "1": 0, "2": 0, "3": 0, "4": 1, "5": 0 },
    "b": {
      "0": [1, 0],
      "1": [1, 0],
      "2": [1, 0],
      "3": [1, 0],
      "4": [1, 0],
      "5": [1, 0],
      "6": [1, 0]
    },
    "_coverageSchema": "1a1c01bbd47fc00a2c39e90264f33305004495a9",
    "hash": "b80af3411c563cea773eed48ee0cc10e9b086aa3"
  },
  "/home/nandoe/clAIDeApi/src/services/memberService.js": {
    "path": "/home/nandoe/clAIDeApi/src/services/memberService.js",
    "statementMap": {
      "0": { "start": { "line": 6, "column": 29 }, "end": { "line": 6, "column": 31 } },
      "1": { "start": { "line": 24, "column": 6 }, "end": { "line": 24, "column": 16 } },
      "2": { "start": { "line": 25, "column": 2 }, "end": { "line": 25, "column": 86 } },
      "3": { "start": { "line": 27, "column": 23 }, "end": { "line": 27, "column": 63 } },
      "4": { "start": { "line": 29, "column": 2 }, "end": { "line": 31, "column": 3 } },
      "5": { "start": { "line": 30, "column": 4 }, "end": { "line": 30, "column": 36 } },
      "6": { "start": { "line": 32, "column": 2 }, "end": { "line": 56, "column": 3 } },
      "7": { "start": { "line": 33, "column": 22 }, "end": { "line": 49, "column": 6 } },
      "8": { "start": { "line": 50, "column": 4 }, "end": { "line": 50, "column": 21 } },
      "9": { "start": { "line": 52, "column": 24 }, "end": { "line": 52, "column": 72 } },
      "10": { "start": { "line": 53, "column": 4 }, "end": { "line": 55, "column": 6 } },
      "11": { "start": { "line": 60, "column": 17 }, "end": { "line": 60, "column": 57 } },
      "12": { "start": { "line": 61, "column": 2 }, "end": { "line": 63, "column": 3 } },
      "13": { "start": { "line": 62, "column": 4 }, "end": { "line": 62, "column": 40 } },
      "14": { "start": { "line": 64, "column": 2 }, "end": { "line": 64, "column": 16 } },
      "15": { "start": { "line": 69, "column": 2 }, "end": { "line": 75, "column": 3 } },
      "16": { "start": { "line": 70, "column": 19 }, "end": { "line": 70, "column": 64 } },
      "17": { "start": { "line": 72, "column": 4 }, "end": { "line": 72, "column": 18 } },
      "18": { "start": { "line": 74, "column": 4 }, "end": { "line": 74, "column": 40 } },
      "19": { "start": { "line": 79, "column": 2 }, "end": { "line": 79, "column": 65 } },
      "20": { "start": { "line": 100, "column": 6 }, "end": { "line": 100, "column": 16 } },
      "21": { "start": { "line": 102, "column": 25 }, "end": { "line": 102, "column": 65 } },
      "22": { "start": { "line": 103, "column": 2 }, "end": { "line": 105, "column": 3 } },
      "23": { "start": { "line": 104, "column": 4 }, "end": { "line": 104, "column": 45 } },
      "24": { "start": { "line": 106, "column": 2 }, "end": { "line": 106, "column": 84 } },
      "25": { "start": { "line": 107, "column": 2 }, "end": { "line": 115, "column": 3 } },
      "26": { "start": { "line": 108, "column": 4 }, "end": { "line": 114, "column": 7 } },
      "27": { "start": { "line": 116, "column": 21 }, "end": { "line": 116, "column": 23 } },
      "28": { "start": { "line": 117, "column": 2 }, "end": { "line": 122, "column": 3 } },
      "29": { "start": { "line": 118, "column": 4 }, "end": { "line": 118, "column": 60 } },
      "30": { "start": { "line": 119, "column": 4 }, "end": { "line": 121, "column": 5 } },
      "31": { "start": { "line": 120, "column": 6 }, "end": { "line": 120, "column": 38 } },
      "32": { "start": { "line": 123, "column": 2 }, "end": { "line": 148, "column": 3 } },
      "33": { "start": { "line": 124, "column": 26 }, "end": { "line": 141, "column": 6 } },
      "34": { "start": { "line": 142, "column": 4 }, "end": { "line": 142, "column": 25 } },
      "35": { "start": { "line": 144, "column": 24 }, "end": { "line": 144, "column": 72 } },
      "36": { "start": { "line": 145, "column": 4 }, "end": { "line": 147, "column": 6 } },
      "37": { "start": { "line": 152, "column": 24 }, "end": { "line": 152, "column": 63 } },
      "38": { "start": { "line": 153, "column": 2 }, "end": { "line": 153, "column": 23 } }
    },
    "fnMap": {
      "0": {
        "name": "createMember",
        "decl": { "start": { "line": 7, "column": 15 }, "end": { "line": 7, "column": 27 } },
        "loc": { "start": { "line": 7, "column": 40 }, "end": { "line": 57, "column": 1 } },
        "line": 7
      },
      "1": {
        "name": "getMemberById",
        "decl": { "start": { "line": 59, "column": 15 }, "end": { "line": 59, "column": 28 } },
        "loc": { "start": { "line": 59, "column": 33 }, "end": { "line": 65, "column": 1 } },
        "line": 59
      },
      "2": {
        "name": "activeMember",
        "decl": { "start": { "line": 68, "column": 15 }, "end": { "line": 68, "column": 27 } },
        "loc": { "start": { "line": 68, "column": 38 }, "end": { "line": 76, "column": 1 } },
        "line": 68
      },
      "3": {
        "name": "getAllMembers",
        "decl": { "start": { "line": 78, "column": 15 }, "end": { "line": 78, "column": 28 } },
        "loc": { "start": { "line": 78, "column": 48 }, "end": { "line": 80, "column": 1 } },
        "line": 78
      },
      "4": {
        "name": "updateMember",
        "decl": { "start": { "line": 82, "column": 15 }, "end": { "line": 82, "column": 27 } },
        "loc": { "start": { "line": 82, "column": 47 }, "end": { "line": 149, "column": 1 } },
        "line": 82
      },
      "5": {
        "name": "deleteMember",
        "decl": { "start": { "line": 151, "column": 15 }, "end": { "line": 151, "column": 27 } },
        "loc": { "start": { "line": 151, "column": 32 }, "end": { "line": 154, "column": 1 } },
        "line": 151
      }
    },
    "branchMap": {
      "0": {
        "loc": { "start": { "line": 29, "column": 2 }, "end": { "line": 31, "column": 3 } },
        "type": "if",
        "locations": [
          { "start": { "line": 29, "column": 2 }, "end": { "line": 31, "column": 3 } },
          { "start": {}, "end": {} }
        ],
        "line": 29
      },
      "1": {
        "loc": { "start": { "line": 61, "column": 2 }, "end": { "line": 63, "column": 3 } },
        "type": "if",
        "locations": [
          { "start": { "line": 61, "column": 2 }, "end": { "line": 63, "column": 3 } },
          { "start": {}, "end": {} }
        ],
        "line": 61
      },
      "2": {
        "loc": { "start": { "line": 61, "column": 6 }, "end": { "line": 61, "column": 45 } },
        "type": "binary-expr",
        "locations": [
          { "start": { "line": 61, "column": 6 }, "end": { "line": 61, "column": 26 } },
          { "start": { "line": 61, "column": 30 }, "end": { "line": 61, "column": 45 } }
        ],
        "line": 61
      },
      "3": {
        "loc": { "start": { "line": 103, "column": 2 }, "end": { "line": 105, "column": 3 } },
        "type": "if",
        "locations": [
          { "start": { "line": 103, "column": 2 }, "end": { "line": 105, "column": 3 } },
          { "start": {}, "end": {} }
        ],
        "line": 103
      },
      "4": {
        "loc": { "start": { "line": 107, "column": 2 }, "end": { "line": 115, "column": 3 } },
        "type": "if",
        "locations": [
          { "start": { "line": 107, "column": 2 }, "end": { "line": 115, "column": 3 } },
          { "start": {}, "end": {} }
        ],
        "line": 107
      },
      "5": {
        "loc": { "start": { "line": 107, "column": 6 }, "end": { "line": 107, "column": 55 } },
        "type": "binary-expr",
        "locations": [
          { "start": { "line": 107, "column": 6 }, "end": { "line": 107, "column": 26 } },
          { "start": { "line": 107, "column": 30 }, "end": { "line": 107, "column": 55 } }
        ],
        "line": 107
      },
      "6": {
        "loc": { "start": { "line": 117, "column": 2 }, "end": { "line": 122, "column": 3 } },
        "type": "if",
        "locations": [
          { "start": { "line": 117, "column": 2 }, "end": { "line": 122, "column": 3 } },
          { "start": {}, "end": {} }
        ],
        "line": 117
      },
      "7": {
        "loc": { "start": { "line": 119, "column": 4 }, "end": { "line": 121, "column": 5 } },
        "type": "if",
        "locations": [
          { "start": { "line": 119, "column": 4 }, "end": { "line": 121, "column": 5 } },
          { "start": {}, "end": {} }
        ],
        "line": 119
      },
      "8": {
        "loc": { "start": { "line": 126, "column": 12 }, "end": { "line": 126, "column": 39 } },
        "type": "binary-expr",
        "locations": [
          { "start": { "line": 126, "column": 12 }, "end": { "line": 126, "column": 16 } },
          { "start": { "line": 126, "column": 20 }, "end": { "line": 126, "column": 39 } }
        ],
        "line": 126
      },
      "9": {
        "loc": { "start": { "line": 127, "column": 13 }, "end": { "line": 127, "column": 42 } },
        "type": "binary-expr",
        "locations": [
          { "start": { "line": 127, "column": 13 }, "end": { "line": 127, "column": 18 } },
          { "start": { "line": 127, "column": 22 }, "end": { "line": 127, "column": 42 } }
        ],
        "line": 127
      },
      "10": {
        "loc": { "start": { "line": 128, "column": 17 }, "end": { "line": 128, "column": 57 } },
        "type": "binary-expr",
        "locations": [
          { "start": { "line": 128, "column": 17 }, "end": { "line": 128, "column": 29 } },
          { "start": { "line": 128, "column": 33 }, "end": { "line": 128, "column": 57 } }
        ],
        "line": 128
      },
      "11": {
        "loc": { "start": { "line": 129, "column": 16 }, "end": { "line": 129, "column": 51 } },
        "type": "binary-expr",
        "locations": [
          { "start": { "line": 129, "column": 16 }, "end": { "line": 129, "column": 24 } },
          { "start": { "line": 129, "column": 28 }, "end": { "line": 129, "column": 51 } }
        ],
        "line": 129
      },
      "12": {
        "loc": { "start": { "line": 130, "column": 11 }, "end": { "line": 130, "column": 36 } },
        "type": "binary-expr",
        "locations": [
          { "start": { "line": 130, "column": 11 }, "end": { "line": 130, "column": 14 } },
          { "start": { "line": 130, "column": 18 }, "end": { "line": 130, "column": 36 } }
        ],
        "line": 130
      },
      "13": {
        "loc": { "start": { "line": 131, "column": 10 }, "end": { "line": 131, "column": 33 } },
        "type": "binary-expr",
        "locations": [
          { "start": { "line": 131, "column": 10 }, "end": { "line": 131, "column": 12 } },
          { "start": { "line": 131, "column": 16 }, "end": { "line": 131, "column": 33 } }
        ],
        "line": 131
      },
      "14": {
        "loc": { "start": { "line": 132, "column": 16 }, "end": { "line": 132, "column": 51 } },
        "type": "binary-expr",
        "locations": [
          { "start": { "line": 132, "column": 16 }, "end": { "line": 132, "column": 24 } },
          { "start": { "line": 132, "column": 28 }, "end": { "line": 132, "column": 51 } }
        ],
        "line": 132
      },
      "15": {
        "loc": { "start": { "line": 133, "column": 13 }, "end": { "line": 133, "column": 42 } },
        "type": "binary-expr",
        "locations": [
          { "start": { "line": 133, "column": 13 }, "end": { "line": 133, "column": 18 } },
          { "start": { "line": 133, "column": 22 }, "end": { "line": 133, "column": 42 } }
        ],
        "line": 133
      },
      "16": {
        "loc": { "start": { "line": 134, "column": 16 }, "end": { "line": 134, "column": 51 } },
        "type": "binary-expr",
        "locations": [
          { "start": { "line": 134, "column": 16 }, "end": { "line": 134, "column": 24 } },
          { "start": { "line": 134, "column": 28 }, "end": { "line": 134, "column": 51 } }
        ],
        "line": 134
      },
      "17": {
        "loc": { "start": { "line": 135, "column": 22 }, "end": { "line": 135, "column": 69 } },
        "type": "binary-expr",
        "locations": [
          { "start": { "line": 135, "column": 22 }, "end": { "line": 135, "column": 36 } },
          { "start": { "line": 135, "column": 40 }, "end": { "line": 135, "column": 69 } }
        ],
        "line": 135
      },
      "18": {
        "loc": { "start": { "line": 136, "column": 18 }, "end": { "line": 136, "column": 57 } },
        "type": "binary-expr",
        "locations": [
          { "start": { "line": 136, "column": 18 }, "end": { "line": 136, "column": 28 } },
          { "start": { "line": 136, "column": 32 }, "end": { "line": 136, "column": 57 } }
        ],
        "line": 136
      },
      "19": {
        "loc": { "start": { "line": 137, "column": 14 }, "end": { "line": 137, "column": 45 } },
        "type": "binary-expr",
        "locations": [
          { "start": { "line": 137, "column": 14 }, "end": { "line": 137, "column": 20 } },
          { "start": { "line": 137, "column": 24 }, "end": { "line": 137, "column": 45 } }
        ],
        "line": 137
      },
      "20": {
        "loc": { "start": { "line": 138, "column": 16 }, "end": { "line": 138, "column": 51 } },
        "type": "binary-expr",
        "locations": [
          { "start": { "line": 138, "column": 16 }, "end": { "line": 138, "column": 24 } },
          { "start": { "line": 138, "column": 28 }, "end": { "line": 138, "column": 51 } }
        ],
        "line": 138
      },
      "21": {
        "loc": { "start": { "line": 139, "column": 14 }, "end": { "line": 139, "column": 45 } },
        "type": "binary-expr",
        "locations": [
          { "start": { "line": 139, "column": 14 }, "end": { "line": 139, "column": 20 } },
          { "start": { "line": 139, "column": 24 }, "end": { "line": 139, "column": 45 } }
        ],
        "line": 139
      },
      "22": {
        "loc": { "start": { "line": 140, "column": 19 }, "end": { "line": 140, "column": 60 } },
        "type": "binary-expr",
        "locations": [
          { "start": { "line": 140, "column": 19 }, "end": { "line": 140, "column": 30 } },
          { "start": { "line": 140, "column": 34 }, "end": { "line": 140, "column": 60 } }
        ],
        "line": 140
      }
    },
    "s": {
      "0": 1,
      "1": 6,
      "2": 6,
      "3": 2,
      "4": 2,
      "5": 1,
      "6": 1,
      "7": 1,
      "8": 1,
      "9": 0,
      "10": 0,
      "11": 2,
      "12": 2,
      "13": 1,
      "14": 1,
      "15": 0,
      "16": 0,
      "17": 0,
      "18": 0,
      "19": 1,
      "20": 9,
      "21": 9,
      "22": 9,
      "23": 0,
      "24": 9,
      "25": 5,
      "26": 5,
      "27": 2,
      "28": 2,
      "29": 2,
      "30": 2,
      "31": 1,
      "32": 1,
      "33": 1,
      "34": 1,
      "35": 0,
      "36": 0,
      "37": 0,
      "38": 0
    },
    "f": { "0": 6, "1": 2, "2": 0, "3": 1, "4": 9, "5": 0 },
    "b": {
      "0": [1, 1],
      "1": [1, 1],
      "2": [2, 1],
      "3": [0, 9],
      "4": [5, 0],
      "5": [5, 5],
      "6": [2, 0],
      "7": [1, 1],
      "8": [1, 0],
      "9": [1, 0],
      "10": [1, 0],
      "11": [1, 0],
      "12": [1, 0],
      "13": [1, 0],
      "14": [1, 0],
      "15": [1, 0],
      "16": [1, 0],
      "17": [1, 0],
      "18": [1, 0],
      "19": [1, 0],
      "20": [1, 0],
      "21": [1, 0],
      "22": [1, 0]
    },
    "_coverageSchema": "1a1c01bbd47fc00a2c39e90264f33305004495a9",
    "hash": "f02f79840c06da833d5069f698c0eabedcd65109"
  },
  "/home/nandoe/clAIDeApi/src/services/projectService.js": {
    "path": "/home/nandoe/clAIDeApi/src/services/projectService.js",
    "statementMap": {
      "0": { "start": { "line": 8, "column": 17 }, "end": { "line": 8, "column": 21 } },
      "1": { "start": { "line": 9, "column": 23 }, "end": { "line": 9, "column": 74 } },
      "2": { "start": { "line": 11, "column": 2 }, "end": { "line": 22, "column": 3 } },
      "3": { "start": { "line": 12, "column": 27 }, "end": { "line": 12, "column": 73 } },
      "4": { "start": { "line": 13, "column": 4 }, "end": { "line": 13, "column": 61 } },
      "5": { "start": { "line": 15, "column": 23 }, "end": { "line": 20, "column": 5 } },
      "6": { "start": { "line": 21, "column": 4 }, "end": { "line": 21, "column": 61 } },
      "7": { "start": { "line": 23, "column": 21 }, "end": { "line": 27, "column": 3 } },
      "8": { "start": { "line": 29, "column": 2 }, "end": { "line": 29, "column": 59 } },
      "9": { "start": { "line": 33, "column": 2 }, "end": { "line": 35, "column": 3 } },
      "10": { "start": { "line": 34, "column": 4 }, "end": { "line": 34, "column": 52 } },
      "11": { "start": { "line": 37, "column": 18 }, "end": { "line": 37, "column": 54 } },
      "12": { "start": { "line": 39, "column": 2 }, "end": { "line": 41, "column": 3 } },
      "13": { "start": { "line": 40, "column": 4 }, "end": { "line": 40, "column": 45 } },
      "14": { "start": { "line": 43, "column": 2 }, "end": { "line": 43, "column": 17 } },
      "15": { "start": { "line": 47, "column": 26 }, "end": { "line": 47, "column": 70 } },
      "16": { "start": { "line": 49, "column": 2 }, "end": { "line": 51, "column": 3 } },
      "17": { "start": { "line": 50, "column": 4 }, "end": { "line": 50, "column": 53 } },
      "18": { "start": { "line": 52, "column": 44 }, "end": { "line": 52, "column": 59 } },
      "19": { "start": { "line": 54, "column": 19 }, "end": { "line": 56, "column": 3 } },
      "20": { "start": { "line": 62, "column": 2 }, "end": { "line": 86, "column": 3 } },
      "21": { "start": { "line": 63, "column": 4 }, "end": { "line": 63, "column": 71 } },
      "22": { "start": { "line": 65, "column": 4 }, "end": { "line": 70, "column": 5 } },
      "23": { "start": { "line": 66, "column": 6 }, "end": { "line": 66, "column": 63 } },
      "24": { "start": { "line": 67, "column": 6 }, "end": { "line": 67, "column": 56 } },
      "25": { "start": { "line": 68, "column": 11 }, "end": { "line": 70, "column": 5 } },
      "26": { "start": { "line": 69, "column": 6 }, "end": { "line": 69, "column": 56 } },
      "27": { "start": { "line": 71, "column": 4 }, "end": { "line": 76, "column": 6 } },
      "28": { "start": { "line": 77, "column": 9 }, "end": { "line": 86, "column": 3 } },
      "29": { "start": { "line": 78, "column": 4 }, "end": { "line": 78, "column": 61 } },
      "30": { "start": { "line": 79, "column": 4 }, "end": { "line": 79, "column": 54 } },
      "31": { "start": { "line": 81, "column": 4 }, "end": { "line": 85, "column": 6 } },
      "32": { "start": { "line": 87, "column": 2 }, "end": { "line": 87, "column": 59 } },
      "33": { "start": { "line": 91, "column": 2 }, "end": { "line": 93, "column": 3 } },
      "34": { "start": { "line": 92, "column": 4 }, "end": { "line": 92, "column": 50 } },
      "35": { "start": { "line": 95, "column": 16 }, "end": { "line": 95, "column": 26 } },
      "36": { "start": { "line": 96, "column": 19 }, "end": { "line": 96, "column": 35 } },
      "37": { "start": { "line": 98, "column": 2 }, "end": { "line": 98, "column": 18 } },
      "38": { "start": { "line": 102, "column": 2 }, "end": { "line": 102, "column": 52 } }
    },
    "fnMap": {
      "0": {
        "name": "createProject",
        "decl": { "start": { "line": 7, "column": 22 }, "end": { "line": 7, "column": 35 } },
        "loc": { "start": { "line": 7, "column": 45 }, "end": { "line": 30, "column": 1 } },
        "line": 7
      },
      "1": {
        "name": "findProjectById",
        "decl": { "start": { "line": 32, "column": 22 }, "end": { "line": 32, "column": 37 } },
        "loc": { "start": { "line": 32, "column": 42 }, "end": { "line": 44, "column": 1 } },
        "line": 32
      },
      "2": {
        "name": "updateProject",
        "decl": { "start": { "line": 46, "column": 22 }, "end": { "line": 46, "column": 35 } },
        "loc": { "start": { "line": 46, "column": 45 }, "end": { "line": 88, "column": 1 } },
        "line": 46
      },
      "3": {
        "name": "isProjectActive",
        "decl": { "start": { "line": 90, "column": 9 }, "end": { "line": 90, "column": 24 } },
        "loc": { "start": { "line": 90, "column": 48 }, "end": { "line": 99, "column": 1 } },
        "line": 90
      },
      "4": {
        "name": "findAll",
        "decl": { "start": { "line": 101, "column": 22 }, "end": { "line": 101, "column": 29 } },
        "loc": { "start": { "line": 101, "column": 47 }, "end": { "line": 103, "column": 1 } },
        "line": 101
      }
    },
    "branchMap": {
      "0": {
        "loc": { "start": { "line": 11, "column": 2 }, "end": { "line": 22, "column": 3 } },
        "type": "if",
        "locations": [
          { "start": { "line": 11, "column": 2 }, "end": { "line": 22, "column": 3 } },
          { "start": {}, "end": {} }
        ],
        "line": 11
      },
      "1": {
        "loc": { "start": { "line": 33, "column": 2 }, "end": { "line": 35, "column": 3 } },
        "type": "if",
        "locations": [
          { "start": { "line": 33, "column": 2 }, "end": { "line": 35, "column": 3 } },
          { "start": {}, "end": {} }
        ],
        "line": 33
      },
      "2": {
        "loc": { "start": { "line": 39, "column": 2 }, "end": { "line": 41, "column": 3 } },
        "type": "if",
        "locations": [
          { "start": { "line": 39, "column": 2 }, "end": { "line": 41, "column": 3 } },
          { "start": {}, "end": {} }
        ],
        "line": 39
      },
      "3": {
        "loc": { "start": { "line": 49, "column": 2 }, "end": { "line": 51, "column": 3 } },
        "type": "if",
        "locations": [
          { "start": { "line": 49, "column": 2 }, "end": { "line": 51, "column": 3 } },
          { "start": {}, "end": {} }
        ],
        "line": 49
      },
      "4": {
        "loc": { "start": { "line": 62, "column": 2 }, "end": { "line": 86, "column": 3 } },
        "type": "if",
        "locations": [
          { "start": { "line": 62, "column": 2 }, "end": { "line": 86, "column": 3 } },
          { "start": { "line": 77, "column": 9 }, "end": { "line": 86, "column": 3 } }
        ],
        "line": 62
      },
      "5": {
        "loc": { "start": { "line": 65, "column": 4 }, "end": { "line": 70, "column": 5 } },
        "type": "if",
        "locations": [
          { "start": { "line": 65, "column": 4 }, "end": { "line": 70, "column": 5 } },
          { "start": { "line": 68, "column": 11 }, "end": { "line": 70, "column": 5 } }
        ],
        "line": 65
      },
      "6": {
        "loc": { "start": { "line": 68, "column": 11 }, "end": { "line": 70, "column": 5 } },
        "type": "if",
        "locations": [
          { "start": { "line": 68, "column": 11 }, "end": { "line": 70, "column": 5 } },
          { "start": {}, "end": {} }
        ],
        "line": 68
      },
      "7": {
        "loc": { "start": { "line": 77, "column": 9 }, "end": { "line": 86, "column": 3 } },
        "type": "if",
        "locations": [
          { "start": { "line": 77, "column": 9 }, "end": { "line": 86, "column": 3 } },
          { "start": {}, "end": {} }
        ],
        "line": 77
      },
      "8": {
        "loc": { "start": { "line": 91, "column": 2 }, "end": { "line": 93, "column": 3 } },
        "type": "if",
        "locations": [
          { "start": { "line": 91, "column": 2 }, "end": { "line": 93, "column": 3 } },
          { "start": {}, "end": {} }
        ],
        "line": 91
      }
    },
    "s": {
      "0": 4,
      "1": 4,
      "2": 4,
      "3": 3,
      "4": 3,
      "5": 2,
      "6": 2,
      "7": 1,
      "8": 1,
      "9": 0,
      "10": 0,
      "11": 0,
      "12": 0,
      "13": 0,
      "14": 0,
      "15": 7,
      "16": 7,
      "17": 3,
      "18": 4,
      "19": 4,
      "20": 4,
      "21": 3,
      "22": 3,
      "23": 2,
      "24": 2,
      "25": 1,
      "26": 1,
      "27": 2,
      "28": 1,
      "29": 1,
      "30": 1,
      "31": 1,
      "32": 3,
      "33": 7,
      "34": 2,
      "35": 5,
      "36": 5,
      "37": 5,
      "38": 4
    },
    "f": { "0": 4, "1": 0, "2": 7, "3": 7, "4": 4 },
    "b": {
      "0": [3, 1],
      "1": [0, 0],
      "2": [0, 0],
      "3": [3, 4],
      "4": [3, 1],
      "5": [2, 1],
      "6": [1, 0],
      "7": [1, 0],
      "8": [2, 5]
    },
    "_coverageSchema": "1a1c01bbd47fc00a2c39e90264f33305004495a9",
    "hash": "8ef062820c8e3689e4b4760510312a57d108313f"
  },
  "/home/nandoe/clAIDeApi/src/utils/dateUtils.js": {
    "path": "/home/nandoe/clAIDeApi/src/utils/dateUtils.js",
    "statementMap": {
      "0": { "start": { "line": 2, "column": 29 }, "end": { "line": 2, "column": 44 } },
      "1": { "start": { "line": 3, "column": 2 }, "end": { "line": 3, "column": 35 } },
      "2": { "start": { "line": 7, "column": 29 }, "end": { "line": 7, "column": 44 } },
      "3": { "start": { "line": 8, "column": 2 }, "end": { "line": 8, "column": 35 } }
    },
    "fnMap": {
      "0": {
        "name": "dateToIso",
        "decl": { "start": { "line": 1, "column": 16 }, "end": { "line": 1, "column": 25 } },
        "loc": { "start": { "line": 1, "column": 32 }, "end": { "line": 4, "column": 1 } },
        "line": 1
      },
      "1": {
        "name": "dateIsoToDate",
        "decl": { "start": { "line": 6, "column": 16 }, "end": { "line": 6, "column": 29 } },
        "loc": { "start": { "line": 6, "column": 36 }, "end": { "line": 9, "column": 1 } },
        "line": 6
      }
    },
    "branchMap": {},
    "s": { "0": 18, "1": 18, "2": 0, "3": 0 },
    "f": { "0": 18, "1": 0 },
    "b": {},
    "_coverageSchema": "1a1c01bbd47fc00a2c39e90264f33305004495a9",
    "hash": "53b37227b190511391fe0c1cd9ceb7592d9f9952"
  },
  "/home/nandoe/clAIDeApi/src/utils/memberUtils.js": {
    "path": "/home/nandoe/clAIDeApi/src/utils/memberUtils.js",
    "statementMap": {
      "0": { "start": { "line": 6, "column": 2 }, "end": { "line": 6, "column": 65 } },
      "1": { "start": { "line": 6, "column": 11 }, "end": { "line": 6, "column": 65 } },
      "2": { "start": { "line": 7, "column": 2 }, "end": { "line": 7, "column": 61 } },
      "3": { "start": { "line": 7, "column": 10 }, "end": { "line": 7, "column": 61 } },
      "4": { "start": { "line": 8, "column": 2 }, "end": { "line": 10, "column": 3 } },
      "5": { "start": { "line": 9, "column": 4 }, "end": { "line": 9, "column": 73 } },
      "6": { "start": { "line": 11, "column": 2 }, "end": { "line": 12, "column": 91 } },
      "7": { "start": { "line": 12, "column": 4 }, "end": { "line": 12, "column": 91 } },
      "8": { "start": { "line": 14, "column": 2 }, "end": { "line": 22, "column": 3 } },
      "9": { "start": { "line": 15, "column": 4 }, "end": { "line": 15, "column": 61 } },
      "10": { "start": { "line": 16, "column": 9 }, "end": { "line": 22, "column": 3 } },
      "11": { "start": { "line": 17, "column": 4 }, "end": { "line": 17, "column": 66 } },
      "12": { "start": { "line": 18, "column": 9 }, "end": { "line": 22, "column": 3 } },
      "13": { "start": { "line": 19, "column": 4 }, "end": { "line": 19, "column": 60 } },
      "14": { "start": { "line": 20, "column": 9 }, "end": { "line": 22, "column": 3 } },
      "15": { "start": { "line": 21, "column": 4 }, "end": { "line": 21, "column": 73 } },
      "16": { "start": { "line": 32, "column": 2 }, "end": { "line": 37, "column": 3 } },
      "17": { "start": { "line": 36, "column": 4 }, "end": { "line": 36, "column": 55 } },
      "18": { "start": { "line": 39, "column": 2 }, "end": { "line": 41, "column": 3 } },
      "19": { "start": { "line": 40, "column": 4 }, "end": { "line": 40, "column": 56 } }
    },
    "fnMap": {
      "0": {
        "name": "checkMemberAlreadyExists",
        "decl": { "start": { "line": 3, "column": 22 }, "end": { "line": 3, "column": 46 } },
        "loc": { "start": { "line": 3, "column": 86 }, "end": { "line": 23, "column": 1 } },
        "line": 3
      },
      "1": {
        "name": "checkMemberDocumentsOnUpdate",
        "decl": { "start": { "line": 25, "column": 22 }, "end": { "line": 25, "column": 50 } },
        "loc": { "start": { "line": 31, "column": 3 }, "end": { "line": 42, "column": 1 } },
        "line": 31
      }
    },
    "branchMap": {
      "0": {
        "loc": { "start": { "line": 6, "column": 2 }, "end": { "line": 6, "column": 65 } },
        "type": "if",
        "locations": [
          { "start": { "line": 6, "column": 2 }, "end": { "line": 6, "column": 65 } },
          { "start": {}, "end": {} }
        ],
        "line": 6
      },
      "1": {
        "loc": { "start": { "line": 7, "column": 2 }, "end": { "line": 7, "column": 61 } },
        "type": "if",
        "locations": [
          { "start": { "line": 7, "column": 2 }, "end": { "line": 7, "column": 61 } },
          { "start": {}, "end": {} }
        ],
        "line": 7
      },
      "2": {
        "loc": { "start": { "line": 8, "column": 2 }, "end": { "line": 10, "column": 3 } },
        "type": "if",
        "locations": [
          { "start": { "line": 8, "column": 2 }, "end": { "line": 10, "column": 3 } },
          { "start": {}, "end": {} }
        ],
        "line": 8
      },
      "3": {
        "loc": { "start": { "line": 11, "column": 2 }, "end": { "line": 12, "column": 91 } },
        "type": "if",
        "locations": [
          { "start": { "line": 11, "column": 2 }, "end": { "line": 12, "column": 91 } },
          { "start": {}, "end": {} }
        ],
        "line": 11
      },
      "4": {
        "loc": { "start": { "line": 14, "column": 2 }, "end": { "line": 22, "column": 3 } },
        "type": "if",
        "locations": [
          { "start": { "line": 14, "column": 2 }, "end": { "line": 22, "column": 3 } },
          { "start": { "line": 16, "column": 9 }, "end": { "line": 22, "column": 3 } }
        ],
        "line": 14
      },
      "5": {
        "loc": { "start": { "line": 14, "column": 6 }, "end": { "line": 14, "column": 36 } },
        "type": "binary-expr",
        "locations": [
          { "start": { "line": 14, "column": 6 }, "end": { "line": 14, "column": 14 } },
          { "start": { "line": 14, "column": 18 }, "end": { "line": 14, "column": 36 } }
        ],
        "line": 14
      },
      "6": {
        "loc": { "start": { "line": 16, "column": 9 }, "end": { "line": 22, "column": 3 } },
        "type": "if",
        "locations": [
          { "start": { "line": 16, "column": 9 }, "end": { "line": 22, "column": 3 } },
          { "start": { "line": 18, "column": 9 }, "end": { "line": 22, "column": 3 } }
        ],
        "line": 16
      },
      "7": {
        "loc": { "start": { "line": 16, "column": 13 }, "end": { "line": 16, "column": 53 } },
        "type": "binary-expr",
        "locations": [
          { "start": { "line": 16, "column": 13 }, "end": { "line": 16, "column": 26 } },
          { "start": { "line": 16, "column": 30 }, "end": { "line": 16, "column": 53 } }
        ],
        "line": 16
      },
      "8": {
        "loc": { "start": { "line": 18, "column": 9 }, "end": { "line": 22, "column": 3 } },
        "type": "if",
        "locations": [
          { "start": { "line": 18, "column": 9 }, "end": { "line": 22, "column": 3 } },
          { "start": { "line": 20, "column": 9 }, "end": { "line": 22, "column": 3 } }
        ],
        "line": 18
      },
      "9": {
        "loc": { "start": { "line": 18, "column": 13 }, "end": { "line": 18, "column": 41 } },
        "type": "binary-expr",
        "locations": [
          { "start": { "line": 18, "column": 13 }, "end": { "line": 18, "column": 20 } },
          { "start": { "line": 18, "column": 24 }, "end": { "line": 18, "column": 41 } }
        ],
        "line": 18
      },
      "10": {
        "loc": { "start": { "line": 20, "column": 9 }, "end": { "line": 22, "column": 3 } },
        "type": "if",
        "locations": [
          { "start": { "line": 20, "column": 9 }, "end": { "line": 22, "column": 3 } },
          { "start": {}, "end": {} }
        ],
        "line": 20
      },
      "11": {
        "loc": { "start": { "line": 20, "column": 13 }, "end": { "line": 20, "column": 65 } },
        "type": "binary-expr",
        "locations": [
          { "start": { "line": 20, "column": 13 }, "end": { "line": 20, "column": 32 } },
          { "start": { "line": 20, "column": 36 }, "end": { "line": 20, "column": 65 } }
        ],
        "line": 20
      },
      "12": {
        "loc": { "start": { "line": 32, "column": 2 }, "end": { "line": 37, "column": 3 } },
        "type": "if",
        "locations": [
          { "start": { "line": 32, "column": 2 }, "end": { "line": 37, "column": 3 } },
          { "start": {}, "end": {} }
        ],
        "line": 32
      },
      "13": {
        "loc": { "start": { "line": 33, "column": 4 }, "end": { "line": 34, "column": 90 } },
        "type": "binary-expr",
        "locations": [
          { "start": { "line": 33, "column": 4 }, "end": { "line": 33, "column": 15 } },
          { "start": { "line": 34, "column": 5 }, "end": { "line": 34, "column": 30 } },
          { "start": { "line": 34, "column": 34 }, "end": { "line": 34, "column": 60 } },
          { "start": { "line": 34, "column": 64 }, "end": { "line": 34, "column": 74 } },
          { "start": { "line": 34, "column": 78 }, "end": { "line": 34, "column": 89 } }
        ],
        "line": 33
      },
      "14": {
        "loc": { "start": { "line": 39, "column": 2 }, "end": { "line": 41, "column": 3 } },
        "type": "if",
        "locations": [
          { "start": { "line": 39, "column": 2 }, "end": { "line": 41, "column": 3 } },
          { "start": {}, "end": {} }
        ],
        "line": 39
      },
      "15": {
        "loc": { "start": { "line": 39, "column": 6 }, "end": { "line": 39, "column": 75 } },
        "type": "binary-expr",
        "locations": [
          { "start": { "line": 39, "column": 6 }, "end": { "line": 39, "column": 18 } },
          { "start": { "line": 39, "column": 23 }, "end": { "line": 39, "column": 54 } },
          { "start": { "line": 39, "column": 58 }, "end": { "line": 39, "column": 74 } }
        ],
        "line": 39
      }
    },
    "s": {
      "0": 15,
      "1": 14,
      "2": 15,
      "3": 15,
      "4": 15,
      "5": 15,
      "6": 15,
      "7": 15,
      "8": 15,
      "9": 2,
      "10": 13,
      "11": 2,
      "12": 11,
      "13": 2,
      "14": 9,
      "15": 2,
      "16": 5,
      "17": 2,
      "18": 3,
      "19": 1
    },
    "f": { "0": 15, "1": 5 },
    "b": {
      "0": [14, 1],
      "1": [15, 0],
      "2": [15, 0],
      "3": [15, 0],
      "4": [2, 13],
      "5": [15, 2],
      "6": [2, 11],
      "7": [13, 2],
      "8": [2, 9],
      "9": [11, 2],
      "10": [2, 7],
      "11": [9, 2],
      "12": [2, 3],
      "13": [5, 4, 4, 4, 3],
      "14": [1, 2],
      "15": [3, 1, 1]
    },
    "_coverageSchema": "1a1c01bbd47fc00a2c39e90264f33305004495a9",
    "hash": "e95bf71e20254111d8c095b327cf1b09c5749e52"
  }
}
