TN:
SF:src/enum/httpStatusCode.js
FNF:0
FNH:0
DA:1,3
LF:1
LH:1
BRF:0
BRH:0
end_of_record
TN:
SF:src/errors/BaseError.js
FN:8,(anonymous_0)
FNF:1
FNH:1
FNDA:47,(anonymous_0)
DA:9,47
DA:10,47
DA:11,47
LF:3
LH:3
BRF:0
BRH:0
end_of_record
TN:
SF:src/errors/ConflictError.js
FN:5,(anonymous_0)
FNF:1
FNH:1
FNDA:16,(anonymous_0)
DA:12,16
DA:13,16
DA:14,16
DA:15,16
DA:16,16
LF:5
LH:5
BRDA:8,0,0,0
BRDA:9,1,0,16
BRDA:10,2,0,16
BRF:3
BRH:2
end_of_record
TN:
SF:src/errors/MemberConflictError.js
FN:4,(anonymous_0)
FNF:1
FNH:1
FNDA:16,(anonymous_0)
DA:5,16
DA:6,16
LF:2
LH:2
BRF:0
BRH:0
end_of_record
TN:
SF:src/errors/MemberNotApproved.js
FN:5,(anonymous_0)
FNF:1
FNH:0
FNDA:0,(anonymous_0)
DA:10,0
DA:11,0
DA:12,0
DA:13,0
LF:4
LH:0
BRDA:7,0,0,0
BRDA:8,1,0,0
BRF:2
BRH:0
end_of_record
TN:
SF:src/errors/MemberNotFoundError.js
FN:4,(anonymous_0)
FNF:1
FNH:1
FNDA:4,(anonymous_0)
DA:5,4
DA:6,4
LF:2
LH:2
BRF:0
BRH:0
end_of_record
TN:
SF:src/errors/MemberTooYoungError.js
FN:7,(anonymous_0)
FNF:1
FNH:1
FNDA:4,(anonymous_0)
DA:4,3
DA:11,4
DA:12,4
DA:13,4
LF:4
LH:4
BRDA:8,0,0,4
BRDA:9,1,0,4
BRF:2
BRH:2
end_of_record
TN:
SF:src/errors/NotFoundError.js
FN:5,(anonymous_0)
FNF:1
FNH:1
FNDA:8,(anonymous_0)
DA:12,8
DA:13,8
DA:14,8
LF:3
LH:3
BRDA:8,0,0,0
BRDA:9,1,0,8
BRDA:10,2,0,8
BRF:3
BRH:2
end_of_record
TN:
SF:src/errors/ProjectAssociationDateError.js
FN:5,(anonymous_0)
FNF:1
FNH:1
FNDA:12,(anonymous_0)
DA:9,12
DA:10,12
DA:11,12
DA:12,12
LF:4
LH:4
BRDA:6,0,0,8
BRDA:7,1,0,12
BRF:2
BRH:2
end_of_record
TN:
SF:src/errors/ProjectAssociationNotFoundError.js
FN:4,(anonymous_0)
FNF:1
FNH:1
FNDA:2,(anonymous_0)
DA:5,2
DA:6,2
LF:2
LH:2
BRF:0
BRH:0
end_of_record
TN:
SF:src/errors/ProjectInvalidCreationOrEndDateError.js
FN:6,(anonymous_0)
FNF:1
FNH:1
FNDA:7,(anonymous_0)
DA:14,7
DA:15,7
DA:16,7
DA:17,7
DA:18,7
LF:5
LH:5
BRDA:9,0,0,7
BRDA:12,1,0,7
BRF:2
BRH:2
end_of_record
TN:
SF:src/errors/ProjectNotFoundError.js
FN:4,(anonymous_0)
FNF:1
FNH:1
FNDA:2,(anonymous_0)
DA:5,2
DA:6,2
LF:2
LH:2
BRF:0
BRH:0
end_of_record
TN:
SF:src/errors/UserUnauthorizedOrNotFoundError.js
FN:5,(anonymous_0)
FNF:1
FNH:0
FNDA:0,(anonymous_0)
DA:10,0
DA:11,0
DA:12,0
DA:13,0
LF:4
LH:0
BRDA:7,0,0,0
BRDA:8,1,0,0
BRF:2
BRH:0
end_of_record
TN:
SF:src/repositories/activityRecordRepository.js
FN:3,insertActivity
FN:26,findAll
FNF:2
FNH:0
FNDA:0,insertActivity
FNDA:0,findAll
DA:12,0
DA:23,0
DA:27,0
DA:32,0
LF:4
LH:0
BRF:0
BRH:0
end_of_record
TN:
SF:src/repositories/memberRepository.js
FN:3,insertMember
FN:41,getMemberById
FN:45,getMemberByCpf
FN:49,getMemberByRg
FN:53,getMemberByPassport
FN:57,getMemberBySecondaryEmail
FN:61,getMemberByLattes
FN:65,getMemberByEmailLsd
FN:69,activateMember
FN:79,deactivateMember
FN:89,getAllMembers
FN:96,updateMember
FNF:12
FNH:3
FNDA:0,insertMember
FNDA:1,getMemberById
FNDA:0,getMemberByCpf
FNDA:0,getMemberByRg
FNDA:0,getMemberByPassport
FNDA:0,getMemberBySecondaryEmail
FNDA:5,getMemberByLattes
FNDA:5,getMemberByEmailLsd
FNDA:0,activateMember
FNDA:0,deactivateMember
FNDA:0,getAllMembers
FNDA:0,updateMember
DA:20,0
DA:42,1
DA:46,0
DA:50,0
DA:54,0
DA:58,0
DA:62,5
DA:66,5
DA:70,0
DA:76,0
DA:80,0
DA:86,0
DA:90,0
DA:114,0
DA:134,0
LF:15
LH:3
BRF:0
BRH:0
end_of_record
TN:
SF:src/repositories/projectAssociationRepository.js
FN:3,insertProjectAssociation
FN:22,findByProjectId
FN:35,findByMemberId
FN:49,findByProjectIdAndMemberId
FN:60,updateAssociation
FNF:5
FNH:1
FNDA:0,insertProjectAssociation
FNDA:6,findByProjectId
FNDA:0,findByMemberId
FNDA:0,findByProjectIdAndMemberId
FNDA:0,updateAssociation
DA:10,0
DA:19,0
DA:23,6
DA:32,6
DA:36,0
DA:46,0
DA:50,0
DA:57,0
DA:61,0
DA:71,0
LF:10
LH:2
BRDA:15,0,0,0
BRDA:15,0,1,0
BRDA:66,1,0,0
BRDA:66,1,1,0
BRDA:66,2,0,0
BRDA:66,2,1,0
BRDA:67,3,0,0
BRDA:67,3,1,0
BRF:8
BRH:0
end_of_record
TN:
SF:src/repositories/projectRepository.js
FN:3,insertProject
FN:28,findByName
FN:37,findByEmbrapiiCode
FN:48,findById
FN:58,updateProject
FN:87,findAll
FNF:6
FNH:0
FNDA:0,insertProject
FNDA:0,findByName
FNDA:0,findByEmbrapiiCode
FNDA:0,findById
FNDA:0,updateProject
FNDA:0,findAll
DA:13,0
DA:25,0
DA:29,0
DA:34,0
DA:38,0
DA:44,0
DA:49,0
DA:55,0
DA:69,0
DA:84,0
DA:88,0
DA:96,0
LF:12
LH:0
BRDA:17,0,0,0
BRDA:17,0,1,0
BRDA:74,1,0,0
BRDA:74,1,1,0
BRDA:75,2,0,0
BRDA:75,2,1,0
BRDA:76,3,0,0
BRDA:76,3,1,0
BRDA:76,4,0,0
BRDA:76,4,1,0
BRDA:77,5,0,0
BRDA:77,5,1,0
BRDA:78,6,0,0
BRDA:78,6,1,0
BRDA:79,7,0,0
BRDA:79,7,1,0
BRDA:80,8,0,0
BRDA:80,8,1,0
BRF:18
BRH:0
end_of_record
TN:
SF:src/services/activityRecordService.js
FN:4,createActivity
FN:23,getActivities
FNF:2
FNH:0
FNDA:0,createActivity
FNDA:0,getActivities
DA:5,0
DA:7,0
DA:8,0
DA:9,0
DA:10,0
DA:13,0
DA:20,0
DA:24,0
LF:8
LH:0
BRDA:7,0,0,0
BRDA:7,0,1,0
BRDA:7,1,0,0
BRDA:7,1,1,0
BRF:4
BRH:0
end_of_record
TN:
SF:src/services/authService.js
FN:6,authenticateUser
FN:11,(anonymous_1)
FN:26,(anonymous_2)
FN:31,(anonymous_3)
FN:34,(anonymous_4)
FN:49,(anonymous_5)
FN:63,(anonymous_6)
FN:72,getMembers
FN:78,(anonymous_8)
FN:79,(anonymous_9)
FN:81,(anonymous_10)
FN:85,(anonymous_11)
FN:94,getUsername
FNF:13
FNH:0
FNDA:0,authenticateUser
FNDA:0,(anonymous_1)
FNDA:0,(anonymous_2)
FNDA:0,(anonymous_3)
FNDA:0,(anonymous_4)
FNDA:0,(anonymous_5)
FNDA:0,(anonymous_6)
FNDA:0,getMembers
FNDA:0,(anonymous_8)
FNDA:0,(anonymous_9)
FNDA:0,(anonymous_10)
FNDA:0,(anonymous_11)
FNDA:0,getUsername
DA:7,0
DA:11,0
DA:12,0
DA:15,0
DA:22,0
DA:23,0
DA:24,0
DA:26,0
DA:27,0
DA:28,0
DA:31,0
DA:32,0
DA:34,0
DA:35,0
DA:36,0
DA:38,0
DA:39,0
DA:41,0
DA:42,0
DA:44,0
DA:45,0
DA:48,0
DA:49,0
DA:50,0
DA:51,0
DA:53,0
DA:56,0
DA:60,0
DA:63,0
DA:64,0
DA:65,0
DA:73,0
DA:78,0
DA:79,0
DA:80,0
DA:81,0
DA:82,0
DA:83,0
DA:85,0
DA:86,0
DA:87,0
DA:95,0
DA:96,0
LF:43
LH:0
BRDA:27,0,0,0
BRDA:27,0,1,0
BRDA:27,1,0,0
BRDA:27,1,1,0
BRDA:27,1,2,0
BRDA:38,2,0,0
BRDA:38,2,1,0
BRDA:41,3,0,0
BRDA:41,3,1,0
BRDA:44,4,0,0
BRDA:44,4,1,0
BRDA:48,5,0,0
BRDA:48,5,1,0
BRDA:50,6,0,0
BRDA:50,6,1,0
BRDA:64,7,0,0
BRDA:64,7,1,0
BRDA:86,8,0,0
BRDA:86,8,1,0
BRF:19
BRH:0
end_of_record
TN:
SF:src/services/memberService.js
FN:14,createMember
FN:80,createRegistrationStatus
FN:93,isBirthDateValid
FN:100,setStatusRegistration
FN:135,getMemberById
FN:145,activateMember
FN:154,deactivateMember
FN:164,getAllMembers
FN:173,updateMember
FNF:9
FNH:7
FNDA:6,createMember
FNDA:1,createRegistrationStatus
FNDA:4,isBirthDateValid
FNDA:0,setStatusRegistration
FNDA:3,getMemberById
FNDA:1,activateMember
FNDA:0,deactivateMember
FNDA:1,getAllMembers
FNDA:7,updateMember
DA:12,3
DA:32,6
DA:33,6
DA:42,2
DA:43,1
DA:45,1
DA:47,0
DA:67,0
DA:75,0
DA:77,0
DA:81,1
DA:82,0
DA:83,0
DA:84,0
DA:90,0
DA:94,4
DA:95,4
DA:97,4
DA:101,0
DA:102,0
DA:104,0
DA:105,0
DA:111,0
DA:113,0
DA:120,0
DA:122,0
DA:130,0
DA:132,0
DA:136,3
DA:138,2
DA:139,1
DA:142,1
DA:146,1
DA:147,0
DA:148,0
DA:150,0
DA:151,0
DA:155,0
DA:156,0
DA:158,0
DA:160,0
DA:170,1
DA:192,7
DA:194,7
DA:195,7
DA:196,1
DA:198,6
DA:200,2
DA:201,2
DA:210,2
DA:211,2
DA:212,1
DA:216,1
DA:217,1
DA:236,1
DA:244,1
DA:246,1
DA:248,0
DA:249,0
LF:59
LH:31
BRDA:42,0,0,1
BRDA:42,0,1,1
BRDA:82,1,0,0
BRDA:82,1,1,0
BRDA:87,2,0,0
BRDA:87,2,1,0
BRDA:104,3,0,0
BRDA:104,3,1,0
BRDA:138,4,0,1
BRDA:138,4,1,1
BRDA:147,5,0,0
BRDA:147,5,1,0
BRDA:164,6,0,1
BRDA:195,7,0,1
BRDA:195,7,1,6
BRDA:200,8,0,2
BRDA:200,8,1,0
BRDA:200,9,0,2
BRDA:200,9,1,2
BRDA:210,10,0,2
BRDA:210,10,1,0
BRDA:211,11,0,1
BRDA:211,11,1,1
BRDA:219,12,0,1
BRDA:219,12,1,0
BRDA:220,13,0,1
BRDA:220,13,1,0
BRDA:221,14,0,1
BRDA:221,14,1,0
BRDA:222,15,0,1
BRDA:222,15,1,0
BRDA:223,16,0,1
BRDA:223,16,1,0
BRDA:224,17,0,1
BRDA:224,17,1,0
BRDA:225,18,0,1
BRDA:225,18,1,0
BRDA:226,19,0,1
BRDA:226,19,1,0
BRDA:227,20,0,1
BRDA:227,20,1,0
BRDA:228,21,0,1
BRDA:228,21,1,0
BRDA:229,22,0,1
BRDA:229,22,1,0
BRDA:230,23,0,1
BRDA:230,23,1,0
BRDA:231,24,0,1
BRDA:231,24,1,0
BRDA:232,25,0,1
BRDA:232,25,1,1
BRDA:233,26,0,1
BRDA:233,26,1,0
BRDA:234,27,0,1
BRDA:234,27,1,1
BRF:55
BRH:31
end_of_record
TN:
SF:src/services/projectAssociationService.js
FN:9,createProjectAssociation
FN:43,findByProjectId
FN:49,findByMemberId
FN:55,findByProjectIdAndMemberId
FN:64,updateProjectAssociation
FN:112,(anonymous_5)
FN:140,verifyProjectDate
FNF:7
FNH:5
FNDA:3,createProjectAssociation
FNDA:7,findByProjectId
FNDA:1,findByMemberId
FNDA:1,findByProjectIdAndMemberId
FNDA:6,updateProjectAssociation
FNDA:0,(anonymous_5)
FNDA:0,verifyProjectDate
DA:10,3
DA:12,3
DA:13,3
DA:17,2
DA:20,1
DA:22,1
DA:23,0
DA:25,1
DA:28,0
DA:30,0
DA:38,0
DA:40,0
DA:44,7
DA:46,7
DA:50,1
DA:52,1
DA:56,1
DA:61,1
DA:65,6
DA:66,6
DA:71,6
DA:72,1
DA:78,5
DA:79,5
DA:81,5
DA:85,2
DA:88,3
DA:92,2
DA:97,1
DA:104,1
DA:105,0
DA:107,0
DA:111,0
DA:112,0
DA:113,0
DA:114,0
DA:118,0
DA:119,0
DA:123,1
DA:127,1
DA:135,1
DA:137,1
DA:141,0
DA:142,0
DA:146,0
DA:147,0
LF:46
LH:29
BRDA:13,0,0,2
BRDA:13,0,1,1
BRDA:14,1,0,3
BRDA:14,1,1,2
BRDA:14,1,2,2
BRDA:14,1,3,2
BRDA:22,2,0,0
BRDA:22,2,1,1
BRDA:22,3,0,1
BRDA:22,3,1,1
BRDA:71,4,0,1
BRDA:71,4,1,5
BRDA:81,5,0,2
BRDA:81,5,1,3
BRDA:82,6,0,5
BRDA:82,6,1,3
BRDA:82,6,2,4
BRDA:82,6,3,4
BRDA:82,6,4,2
BRDA:88,7,0,2
BRDA:88,7,1,1
BRDA:89,8,0,3
BRDA:89,8,1,3
BRDA:89,8,2,2
BRDA:89,8,3,2
BRDA:89,8,4,1
BRDA:104,9,0,0
BRDA:104,9,1,1
BRDA:104,10,0,1
BRDA:104,10,1,0
BRDA:113,11,0,0
BRDA:113,11,1,0
BRDA:113,12,0,0
BRDA:113,12,1,0
BRDA:118,13,0,0
BRDA:118,13,1,0
BRDA:141,14,0,0
BRDA:141,14,1,0
BRDA:146,15,0,0
BRDA:146,15,1,0
BRDA:146,16,0,0
BRDA:146,16,1,0
BRDA:146,16,2,0
BRF:43
BRH:27
end_of_record
TN:
SF:src/services/projectService.js
FN:13,createProject
FN:40,findProjectById
FN:50,updateProject
FN:70,(anonymous_3)
FN:78,(anonymous_4)
FN:108,isProjectActive
FN:122,findAll
FNF:7
FNH:5
FNDA:4,createProject
FNDA:2,findProjectById
FNDA:7,updateProject
FNDA:0,(anonymous_3)
FNDA:0,(anonymous_4)
FNDA:10,isProjectActive
FNDA:4,findAll
DA:14,4
DA:16,4
DA:18,3
DA:25,3
DA:27,3
DA:35,3
DA:37,3
DA:41,2
DA:43,2
DA:44,1
DA:47,1
DA:51,7
DA:53,7
DA:55,7
DA:56,1
DA:59,6
DA:61,6
DA:63,6
DA:64,6
DA:66,6
DA:68,3
DA:69,3
DA:70,3
DA:71,0
DA:73,3
DA:76,3
DA:77,3
DA:78,3
DA:79,0
DA:81,3
DA:84,3
DA:92,3
DA:94,3
DA:103,3
DA:105,3
DA:109,10
DA:111,10
DA:112,1
DA:115,9
DA:116,4
DA:119,5
DA:123,4
LF:42
LH:40
BRDA:43,0,0,1
BRDA:43,0,1,1
BRDA:55,1,0,1
BRDA:55,1,1,6
BRDA:63,2,0,6
BRDA:63,2,1,1
BRDA:64,3,0,6
BRDA:64,3,1,2
BRDA:68,4,0,3
BRDA:68,4,1,0
BRDA:68,5,0,3
BRDA:68,5,1,0
BRDA:76,6,0,3
BRDA:76,6,1,0
BRDA:111,7,0,1
BRDA:111,7,1,9
BRDA:115,8,0,4
BRDA:115,8,1,5
BRF:18
BRH:15
end_of_record
TN:
SF:src/utils/activityRecordUtils.js
FN:1,getDifference
FNF:1
FNH:0
FNDA:0,getDifference
DA:3,0
DA:4,0
DA:5,0
DA:6,0
DA:7,0
DA:8,0
DA:9,0
DA:10,0
DA:13,0
DA:14,0
DA:15,0
DA:19,0
LF:12
LH:0
BRDA:6,0,0,0
BRDA:6,0,1,0
BRDA:7,1,0,0
BRDA:7,1,1,0
BRDA:8,2,0,0
BRDA:8,2,1,0
BRDA:13,3,0,0
BRDA:13,3,1,0
BRF:8
BRH:0
end_of_record
TN:
SF:src/utils/memberUtils.js
FN:5,checkMemberAlreadyExists
FN:34,checkMemberDocumentsOnUpdate
FNF:2
FNH:2
FNDA:12,checkMemberAlreadyExists
FNDA:2,checkMemberDocumentsOnUpdate
DA:16,12
DA:17,12
DA:18,12
DA:19,12
DA:20,12
DA:21,12
DA:22,12
DA:24,12
DA:25,10
DA:26,8
DA:27,6
DA:28,2
DA:29,4
DA:30,4
DA:31,0
DA:41,2
DA:48,0
DA:51,2
DA:52,0
LF:19
LH:16
BRDA:16,0,0,12
BRDA:16,0,1,0
BRDA:17,1,0,12
BRDA:17,1,1,0
BRDA:18,2,0,12
BRDA:18,2,1,0
BRDA:19,3,0,12
BRDA:19,3,1,0
BRDA:21,4,0,6
BRDA:21,4,1,6
BRDA:22,5,0,6
BRDA:22,5,1,6
BRDA:24,6,0,2
BRDA:24,6,1,10
BRDA:24,7,0,12
BRDA:24,7,1,2
BRDA:25,8,0,2
BRDA:25,8,1,8
BRDA:25,9,0,10
BRDA:25,9,1,2
BRDA:26,10,0,2
BRDA:26,10,1,6
BRDA:26,11,0,8
BRDA:26,11,1,2
BRDA:27,12,0,2
BRDA:27,12,1,4
BRDA:27,13,0,6
BRDA:27,13,1,2
BRDA:29,14,0,0
BRDA:29,14,1,4
BRDA:29,15,0,4
BRDA:29,15,1,0
BRDA:30,16,0,0
BRDA:30,16,1,4
BRDA:30,17,0,4
BRDA:30,17,1,0
BRDA:41,18,0,0
BRDA:41,18,1,2
BRDA:42,19,0,2
BRDA:42,19,1,2
BRDA:42,19,2,0
BRDA:51,20,0,0
BRDA:51,20,1,2
BRDA:51,21,0,2
BRDA:51,21,1,0
BRF:45
BRH:33
end_of_record
